<?xml version="1.0" encoding="UTF-8"?>
<!-- Generated by org.testng.reporters.JUnitReportReporter -->
<testsuite hostname="LAPTOP-MVSTHKIP" failures="0" tests="1" name="com.APIByRS.SumValidation" time="2.915" errors="0" timestamp="03 Nov 2022 06:18:12 GMT" skipped="0">
  <testcase classname="com.APIByRS.SumValidation" name="sumOfacourses" time="2.915"/>
</testsuite> <!-- com.APIByRS.SumValidation -->
