<?xml version="1.0" encoding="UTF-8"?>
<!-- Generated by org.testng.reporters.JUnitReportReporter -->
<testsuite hostname="LAPTOP-MVSTHKIP" failures="0" tests="1" name="com.RestApiPune.ComplexJson" time="2.819" errors="0" timestamp="10 Dec 2022 09:58:43 GMT" skipped="0">
  <testcase classname="com.RestApiPune.ComplexJson" name="GetCourse" time="2.819"/>
</testsuite> <!-- com.RestApiPune.ComplexJson -->
