<?xml version="1.0" encoding="UTF-8"?>
<!-- Generated by org.testng.reporters.JUnitReportReporter -->
<testsuite hostname="LAPTOP-MVSTHKIP" failures="0" tests="3" name="com.RestApiPune.DynamicJson" time="5.440" errors="0" timestamp="10 Dec 2022 08:12:53 GMT" skipped="0">
  <testcase classname="com.RestApiPune.DynamicJson" name="AddBook" time="5.092"/>
  <testcase classname="com.RestApiPune.DynamicJson" name="AddBook" time="0.180"/>
  <testcase classname="com.RestApiPune.DynamicJson" name="AddBook" time="0.168"/>
</testsuite> <!-- com.RestApiPune.DynamicJson -->
